# JRE version: OpenJDK Runtime Environment Microsoft-40648 (11.0.16.1+1) (build 11.0.16.1+1-LTS)
# Java VM: OpenJDK 64-Bit Server VM Microsoft-40648 (11.0.16.1+1-LTS, mixed mode, tiered, compressed oops, g1 gc, windows-amd64)
Heap:
 garbage-first heap   total 519168K, used 369097K [0x00000000c0000000, 0x0000000100000000)
  region size 1024K, 162 young (165888K), 16 survivors (16384K)
 Metaspace       used 25004K, capacity 25680K, committed 25952K, reserved 1073152K
  class space    used 2675K, capacity 2946K, committed 3020K, reserved 1048576K
GC Heap History (20 events):
Event: 18.901 GC heap before
{Heap before GC invocations=29 (full 0):
 garbage-first heap   total 519168K, used 385948K [0x00000000c0000000, 0x0000000100000000)
  region size 1024K, 178 young (182272K), 4 survivors (4096K)
 Metaspace       used 24718K, capacity 25283K, committed 25440K, reserved 1071104K
  class space    used 2637K, capacity 2900K, committed 3020K, reserved 1048576K
}
Event: 18.918 GC heap after
{Heap after GC invocations=30 (full 0):
 garbage-first heap   total 519168K, used 208841K [0x00000000c0000000, 0x0000000100000000)
  region size 1024K, 5 young (5120K), 5 survivors (5120K)
 Metaspace       used 24718K, capacity 25283K, committed 25440K, reserved 1071104K
  class space    used 2637K, capacity 2900K, committed 3020K, reserved 1048576K
}
Event: 19.878 GC heap before
{Heap before GC invocations=30 (full 0):
 garbage-first heap   total 519168K, used 407497K [0x00000000c0000000, 0x0000000100000000)
  region size 1024K, 198 young (202752K), 5 survivors (5120K)
 Metaspace       used 24762K, capacity 25303K, committed 25440K, reserved 1071104K
  class space    used 2639K, capacity 2905K, committed 3020K, reserved 1048576K
}
Event: 19.897 GC heap after
{Heap after GC invocations=31 (full 0):
 garbage-first heap   total 519168K, used 210533K [0x00000000c0000000, 0x0000000100000000)
  region size 1024K, 6 young (6144K), 6 survivors (6144K)
 Metaspace       used 24762K, capacity 25303K, committed 25440K, reserved 1071104K
  class space    used 2639K, capacity 2905K, committed 3020K, reserved 1048576K
}
Event: 20.940 GC heap before
{Heap before GC invocations=31 (full 0):
 garbage-first heap   total 519168K, used 418405K [0x00000000c0000000, 0x0000000100000000)
  region size 1024K, 209 young (214016K), 6 survivors (6144K)
 Metaspace       used 24791K, capacity 25381K, committed 25696K, reserved 1073152K
  class space    used 2642K, capacity 2909K, committed 3020K, reserved 1048576K
}
Event: 20.962 GC heap after
{Heap after GC invocations=32 (full 0):
 garbage-first heap   total 519168K, used 211662K [0x00000000c0000000, 0x0000000100000000)
  region size 1024K, 7 young (7168K), 7 survivors (7168K)
 Metaspace       used 24791K, capacity 25381K, committed 25696K, reserved 1073152K
  class space    used 2642K, capacity 2909K, committed 3020K, reserved 1048576K
}
Event: 22.111 GC heap before
{Heap before GC invocations=32 (full 0):
 garbage-first heap   total 519168K, used 424654K [0x00000000c0000000, 0x0000000100000000)
  region size 1024K, 215 young (220160K), 7 survivors (7168K)
 Metaspace       used 24914K, capacity 25510K, committed 25696K, reserved 1073152K
  class space    used 2664K, capacity 2931K, committed 3020K, reserved 1048576K
}
Event: 22.134 GC heap after
{Heap after GC invocations=33 (full 0):
 garbage-first heap   total 519168K, used 212838K [0x00000000c0000000, 0x0000000100000000)
  region size 1024K, 8 young (8192K), 8 survivors (8192K)
 Metaspace       used 24914K, capacity 25510K, committed 25696K, reserved 1073152K
  class space    used 2664K, capacity 2931K, committed 3020K, reserved 1048576K
}
Event: 23.381 GC heap before
{Heap before GC invocations=33 (full 0):
 garbage-first heap   total 519168K, used 429926K [0x00000000c0000000, 0x0000000100000000)
  region size 1024K, 220 young (225280K), 8 survivors (8192K)
 Metaspace       used 24924K, capacity 25510K, committed 25696K, reserved 1073152K
  class space    used 2664K, capacity 2931K, committed 3020K, reserved 1048576K
}
Event: 23.406 GC heap after
{Heap after GC invocations=34 (full 0):
 garbage-first heap   total 519168K, used 214318K [0x00000000c0000000, 0x0000000100000000)
  region size 1024K, 10 young (10240K), 10 survivors (10240K)
 Metaspace       used 24924K, capacity 25510K, committed 25696K, reserved 1073152K
  class space    used 2664K, capacity 2931K, committed 3020K, reserved 1048576K
}
Event: 24.389 GC heap before
{Heap before GC invocations=34 (full 0):
 garbage-first heap   total 519168K, used 435502K [0x00000000c0000000, 0x0000000100000000)
  region size 1024K, 226 young (231424K), 10 survivors (10240K)
 Metaspace       used 24928K, capacity 25510K, committed 25696K, reserved 1073152K
  class space    used 2664K, capacity 2931K, committed 3020K, reserved 1048576K
}
Event: 24.414 GC heap after
{Heap after GC invocations=35 (full 0):
 garbage-first heap   total 519168K, used 215394K [0x00000000c0000000, 0x0000000100000000)
  region size 1024K, 11 young (11264K), 11 survivors (11264K)
 Metaspace       used 24928K, capacity 25510K, committed 25696K, reserved 1073152K
  class space    used 2664K, capacity 2931K, committed 3020K, reserved 1048576K
}
Event: 25.464 GC heap before
{Heap before GC invocations=35 (full 0):
 garbage-first heap   total 519168K, used 445794K [0x00000000c0000000, 0x0000000100000000)
  region size 1024K, 236 young (241664K), 11 survivors (11264K)
 Metaspace       used 24934K, capacity 25574K, committed 25696K, reserved 1073152K
  class space    used 2664K, capacity 2931K, committed 3020K, reserved 1048576K
}
Event: 25.494 GC heap after
{Heap after GC invocations=36 (full 0):
 garbage-first heap   total 519168K, used 216478K [0x00000000c0000000, 0x0000000100000000)
  region size 1024K, 12 young (12288K), 12 survivors (12288K)
 Metaspace       used 24934K, capacity 25574K, committed 25696K, reserved 1073152K
  class space    used 2664K, capacity 2931K, committed 3020K, reserved 1048576K
}
Event: 26.602 GC heap before
{Heap before GC invocations=36 (full 0):
 garbage-first heap   total 519168K, used 449950K [0x00000000c0000000, 0x0000000100000000)
  region size 1024K, 240 young (245760K), 12 survivors (12288K)
 Metaspace       used 24977K, capacity 25599K, committed 25696K, reserved 1073152K
  class space    used 2671K, capacity 2940K, committed 3020K, reserved 1048576K
}
Event: 26.637 GC heap after
{Heap after GC invocations=37 (full 0):
 garbage-first heap   total 519168K, used 218053K [0x00000000c0000000, 0x0000000100000000)
  region size 1024K, 13 young (13312K), 13 survivors (13312K)
 Metaspace       used 24977K, capacity 25599K, committed 25696K, reserved 1073152K
  class space    used 2671K, capacity 2940K, committed 3020K, reserved 1048576K
}
Event: 27.772 GC heap before
{Heap before GC invocations=37 (full 0):
 garbage-first heap   total 519168K, used 452549K [0x00000000c0000000, 0x0000000100000000)
  region size 1024K, 242 young (247808K), 13 survivors (13312K)
 Metaspace       used 24989K, capacity 25605K, committed 25696K, reserved 1073152K
  class space    used 2672K, capacity 2942K, committed 3020K, reserved 1048576K
}
Event: 27.814 GC heap after
{Heap after GC invocations=38 (full 0):
 garbage-first heap   total 519168K, used 219081K [0x00000000c0000000, 0x0000000100000000)
  region size 1024K, 14 young (14336K), 14 survivors (14336K)
 Metaspace       used 24989K, capacity 25605K, committed 25696K, reserved 1073152K
  class space    used 2672K, capacity 2942K, committed 3020K, reserved 1048576K
}
Event: 28.825 GC heap before
{Heap before GC invocations=38 (full 0):
 garbage-first heap   total 519168K, used 452553K [0x00000000c0000000, 0x0000000100000000)
  region size 1024K, 242 young (247808K), 14 survivors (14336K)
 Metaspace       used 25001K, capacity 25680K, committed 25952K, reserved 1073152K
  class space    used 2675K, capacity 2946K, committed 3020K, reserved 1048576K
}
Event: 28.864 GC heap after
{Heap after GC invocations=39 (full 0):
 garbage-first heap   total 519168K, used 220617K [0x00000000c0000000, 0x0000000100000000)
  region size 1024K, 16 young (16384K), 16 survivors (16384K)
 Metaspace       used 25001K, capacity 25680K, committed 25952K, reserved 1073152K
  class space    used 2675K, capacity 2946K, committed 3020K, reserved 1048576K
}

