# JRE version: OpenJDK Runtime Environment Microsoft-40648 (11.0.16.1+1) (build 11.0.16.1+1-LTS)
# Java VM: OpenJDK 64-Bit Server VM Microsoft-40648 (11.0.16.1+1-LTS, mixed mode, tiered, compressed oops, g1 gc, windows-amd64)
Heap:
 garbage-first heap   total 556032K, used 462480K [0x00000000c0000000, 0x0000000100000000)
  region size 1024K, 251 young (257024K), 8 survivors (8192K)
 Metaspace       used 24932K, capacity 25540K, committed 25852K, reserved 1073152K
  class space    used 2672K, capacity 2942K, committed 3068K, reserved 1048576K
GC Heap History (20 events):
Event: 13.454 GC heap before
{Heap before GC invocations=21 (full 0):
 garbage-first heap   total 556032K, used 248832K [0x00000000c0000000, 0x0000000100000000)
  region size 1024K, 27 young (27648K), 3 survivors (3072K)
 Metaspace       used 24005K, capacity 24590K, committed 24700K, reserved 1071104K
  class space    used 2598K, capacity 2849K, committed 2940K, reserved 1048576K
}
Event: 13.472 GC heap after
{Heap after GC invocations=22 (full 0):
 garbage-first heap   total 556032K, used 209513K [0x00000000c0000000, 0x0000000100000000)
  region size 1024K, 3 young (3072K), 3 survivors (3072K)
 Metaspace       used 24005K, capacity 24590K, committed 24700K, reserved 1071104K
  class space    used 2598K, capacity 2849K, committed 2940K, reserved 1048576K
}
Event: 14.756 GC heap before
{Heap before GC invocations=22 (full 0):
 garbage-first heap   total 556032K, used 402025K [0x00000000c0000000, 0x0000000100000000)
  region size 1024K, 191 young (195584K), 3 survivors (3072K)
 Metaspace       used 24248K, capacity 24809K, committed 24956K, reserved 1071104K
  class space    used 2610K, capacity 2854K, committed 2940K, reserved 1048576K
}
Event: 14.771 GC heap after
{Heap after GC invocations=23 (full 0):
 garbage-first heap   total 556032K, used 211408K [0x00000000c0000000, 0x0000000100000000)
  region size 1024K, 5 young (5120K), 5 survivors (5120K)
 Metaspace       used 24248K, capacity 24809K, committed 24956K, reserved 1071104K
  class space    used 2610K, capacity 2854K, committed 2940K, reserved 1048576K
}
Event: 16.701 GC heap before
{Heap before GC invocations=24 (full 0):
 garbage-first heap   total 556032K, used 423376K [0x00000000c0000000, 0x0000000100000000)
  region size 1024K, 212 young (217088K), 5 survivors (5120K)
 Metaspace       used 24567K, capacity 25137K, committed 25212K, reserved 1071104K
  class space    used 2632K, capacity 2896K, committed 2940K, reserved 1048576K
}
Event: 16.722 GC heap after
{Heap after GC invocations=25 (full 0):
 garbage-first heap   total 556032K, used 213578K [0x00000000c0000000, 0x0000000100000000)
  region size 1024K, 7 young (7168K), 7 survivors (7168K)
 Metaspace       used 24567K, capacity 25137K, committed 25212K, reserved 1071104K
  class space    used 2632K, capacity 2896K, committed 2940K, reserved 1048576K
}
Event: 16.820 GC heap before
{Heap before GC invocations=25 (full 0):
 garbage-first heap   total 556032K, used 234058K [0x00000000c0000000, 0x0000000100000000)
  region size 1024K, 27 young (27648K), 7 survivors (7168K)
 Metaspace       used 24571K, capacity 25137K, committed 25212K, reserved 1071104K
  class space    used 2632K, capacity 2896K, committed 2940K, reserved 1048576K
}
Event: 16.843 GC heap after
{Heap after GC invocations=26 (full 0):
 garbage-first heap   total 556032K, used 207504K [0x00000000c0000000, 0x0000000100000000)
  region size 1024K, 1 young (1024K), 1 survivors (1024K)
 Metaspace       used 24571K, capacity 25137K, committed 25212K, reserved 1071104K
  class space    used 2632K, capacity 2896K, committed 2940K, reserved 1048576K
}
Event: 17.936 GC heap before
{Heap before GC invocations=26 (full 0):
 garbage-first heap   total 556032K, used 437904K [0x00000000c0000000, 0x0000000100000000)
  region size 1024K, 226 young (231424K), 1 survivors (1024K)
 Metaspace       used 24659K, capacity 25287K, committed 25468K, reserved 1071104K
  class space    used 2638K, capacity 2902K, committed 2940K, reserved 1048576K
}
Event: 17.947 GC heap after
{Heap after GC invocations=27 (full 0):
 garbage-first heap   total 556032K, used 208064K [0x00000000c0000000, 0x0000000100000000)
  region size 1024K, 2 young (2048K), 2 survivors (2048K)
 Metaspace       used 24659K, capacity 25287K, committed 25468K, reserved 1071104K
  class space    used 2638K, capacity 2902K, committed 2940K, reserved 1048576K
}
Event: 19.154 GC heap before
{Heap before GC invocations=27 (full 0):
 garbage-first heap   total 556032K, used 455872K [0x00000000c0000000, 0x0000000100000000)
  region size 1024K, 243 young (248832K), 2 survivors (2048K)
 Metaspace       used 24713K, capacity 25307K, committed 25468K, reserved 1071104K
  class space    used 2641K, capacity 2907K, committed 2940K, reserved 1048576K
}
Event: 19.164 GC heap after
{Heap after GC invocations=28 (full 0):
 garbage-first heap   total 556032K, used 210446K [0x00000000c0000000, 0x0000000100000000)
  region size 1024K, 3 young (3072K), 3 survivors (3072K)
 Metaspace       used 24713K, capacity 25307K, committed 25468K, reserved 1071104K
  class space    used 2641K, capacity 2907K, committed 2940K, reserved 1048576K
}
Event: 20.486 GC heap before
{Heap before GC invocations=28 (full 0):
 garbage-first heap   total 556032K, used 461326K [0x00000000c0000000, 0x0000000100000000)
  region size 1024K, 248 young (253952K), 3 survivors (3072K)
 Metaspace       used 24752K, capacity 25387K, committed 25468K, reserved 1071104K
  class space    used 2643K, capacity 2911K, committed 2940K, reserved 1048576K
}
Event: 20.500 GC heap after
{Heap after GC invocations=29 (full 0):
 garbage-first heap   total 556032K, used 211847K [0x00000000c0000000, 0x0000000100000000)
  region size 1024K, 5 young (5120K), 5 survivors (5120K)
 Metaspace       used 24752K, capacity 25387K, committed 25468K, reserved 1071104K
  class space    used 2643K, capacity 2911K, committed 2940K, reserved 1048576K
}
Event: 22.102 GC heap before
{Heap before GC invocations=29 (full 0):
 garbage-first heap   total 556032K, used 465799K [0x00000000c0000000, 0x0000000100000000)
  region size 1024K, 253 young (259072K), 5 survivors (5120K)
 Metaspace       used 24870K, capacity 25515K, committed 25724K, reserved 1073152K
  class space    used 2665K, capacity 2933K, committed 2940K, reserved 1048576K
}
Event: 22.119 GC heap after
{Heap after GC invocations=30 (full 0):
 garbage-first heap   total 556032K, used 213360K [0x00000000c0000000, 0x0000000100000000)
  region size 1024K, 6 young (6144K), 6 survivors (6144K)
 Metaspace       used 24870K, capacity 25515K, committed 25724K, reserved 1073152K
  class space    used 2665K, capacity 2933K, committed 2940K, reserved 1048576K
}
Event: 23.504 GC heap before
{Heap before GC invocations=30 (full 0):
 garbage-first heap   total 556032K, used 475504K [0x00000000c0000000, 0x0000000100000000)
  region size 1024K, 262 young (268288K), 6 survivors (6144K)
 Metaspace       used 24883K, capacity 25515K, committed 25724K, reserved 1073152K
  class space    used 2665K, capacity 2933K, committed 2940K, reserved 1048576K
}
Event: 23.524 GC heap after
{Heap after GC invocations=31 (full 0):
 garbage-first heap   total 556032K, used 214612K [0x00000000c0000000, 0x0000000100000000)
  region size 1024K, 7 young (7168K), 7 survivors (7168K)
 Metaspace       used 24883K, capacity 25515K, committed 25724K, reserved 1073152K
  class space    used 2665K, capacity 2933K, committed 2940K, reserved 1048576K
}
Event: 24.848 GC heap before
{Heap before GC invocations=31 (full 0):
 garbage-first heap   total 556032K, used 480852K [0x00000000c0000000, 0x0000000100000000)
  region size 1024K, 267 young (273408K), 7 survivors (7168K)
 Metaspace       used 24886K, capacity 25515K, committed 25724K, reserved 1073152K
  class space    used 2665K, capacity 2933K, committed 2940K, reserved 1048576K
}
Event: 24.877 GC heap after
{Heap after GC invocations=32 (full 0):
 garbage-first heap   total 556032K, used 215696K [0x00000000c0000000, 0x0000000100000000)
  region size 1024K, 8 young (8192K), 8 survivors (8192K)
 Metaspace       used 24886K, capacity 25515K, committed 25724K, reserved 1073152K
  class space    used 2665K, capacity 2933K, committed 2940K, reserved 1048576K
}

